c:\2dgame_cpp\2dgame_cpp\2dgame_cpp\x64\debug\vc143.pdb
c:\2dgame_cpp\2dgame_cpp\2dgame_cpp\x64\debug\vc143.idb
c:\2dgame_cpp\2dgame_cpp\2dgame_cpp\x64\debug\window.obj
c:\2dgame_cpp\2dgame_cpp\2dgame_cpp\x64\debug\winapp.obj
c:\2dgame_cpp\2dgame_cpp\2dgame_cpp\x64\debug\timer.obj
c:\2dgame_cpp\2dgame_cpp\2dgame_cpp\x64\debug\renderer.obj
c:\2dgame_cpp\2dgame_cpp\2dgame_cpp\x64\debug\main.obj
c:\2dgame_cpp\2dgame_cpp\2dgame_cpp\x64\debug\input.obj
c:\2dgame_cpp\2dgame_cpp\2dgame_cpp\x64\debug\dxdevice.obj
c:\2dgame_cpp\2dgame_cpp\2dgame_cpp\x64\debug\game.obj
c:\2dgame_cpp\2dgame_cpp\x64\debug\2dgame_cpp.exe
c:\2dgame_cpp\2dgame_cpp\x64\debug\2dgame_cpp.pdb
c:\2dgame_cpp\2dgame_cpp\2dgame_cpp\x64\debug\2dgame_cpp.ilk
c:\2dgame_cpp\2dgame_cpp\2dgame_cpp\x64\debug\2dgame_cpp.tlog\cl.command.1.tlog
c:\2dgame_cpp\2dgame_cpp\2dgame_cpp\x64\debug\2dgame_cpp.tlog\cl.items.tlog
c:\2dgame_cpp\2dgame_cpp\2dgame_cpp\x64\debug\2dgame_cpp.tlog\cl.read.1.tlog
c:\2dgame_cpp\2dgame_cpp\2dgame_cpp\x64\debug\2dgame_cpp.tlog\cl.write.1.tlog
c:\2dgame_cpp\2dgame_cpp\2dgame_cpp\x64\debug\2dgame_cpp.tlog\link.command.1.tlog
c:\2dgame_cpp\2dgame_cpp\2dgame_cpp\x64\debug\2dgame_cpp.tlog\link.read.1.tlog
c:\2dgame_cpp\2dgame_cpp\2dgame_cpp\x64\debug\2dgame_cpp.tlog\link.secondary.1.tlog
c:\2dgame_cpp\2dgame_cpp\2dgame_cpp\x64\debug\2dgame_cpp.tlog\link.write.1.tlog
